<?xml version="1.0" encoding="UTF-8"?>
<testng-results skipped="0" failed="0" ignored="0" total="1" passed="1">
  <reporter-output>
  </reporter-output>
  <suite name="Default suite" duration-ms="13652" started-at="2020-04-24T03:09:59 COT" finished-at="2020-04-24T03:10:12 COT">
    <groups>
    </groups>
    <test name="Default test" duration-ms="13652" started-at="2020-04-24T03:09:59 COT" finished-at="2020-04-24T03:10:12 COT">
      <class name="Test.EasyManagement.ClientsTest">
        <test-method status="PASS" signature="SuccessfullClienteCreate()[pri:0, instance:Test.EasyManagement.ClientsTest@76f2b07d]" name="SuccessfullClienteCreate" duration-ms="13627" started-at="2020-04-24T03:09:59 COT" finished-at="2020-04-24T03:10:12 COT">
          <reporter-output>
          </reporter-output>
        </test-method> <!-- SuccessfullClienteCreate -->
      </class> <!-- Test.EasyManagement.ClientsTest -->
    </test> <!-- Default test -->
  </suite> <!-- Default suite -->
</testng-results>
