<?xml version="1.0" encoding="UTF-8"?>
<testng-results skipped="0" failed="0" ignored="0" total="2" passed="2">
  <reporter-output>
  </reporter-output>
  <suite name="Default suite" duration-ms="21291" started-at="2020-04-25T05:12:49 COT" finished-at="2020-04-25T05:13:10 COT">
    <groups>
    </groups>
    <test name="Default test" duration-ms="21291" started-at="2020-04-25T05:12:49 COT" finished-at="2020-04-25T05:13:10 COT">
      <class name="Test.EasyManagement.ClientsTest">
        <test-method status="PASS" signature="SetUp()[pri:0, instance:Test.EasyManagement.ClientsTest@ea1a8d5]" name="SetUp" is-config="true" duration-ms="2536" started-at="2020-04-25T05:12:49 COT" finished-at="2020-04-25T05:12:52 COT">
          <reporter-output>
          </reporter-output>
        </test-method> <!-- SetUp -->
        <test-method status="PASS" signature="SuccessfullClienteCreate()[pri:0, instance:Test.EasyManagement.ClientsTest@ea1a8d5]" name="SuccessfullClienteCreate" duration-ms="12653" started-at="2020-04-25T05:12:52 COT" description="Scenario: Successful diligence of client" finished-at="2020-04-25T05:13:04 COT">
          <reporter-output>
          </reporter-output>
        </test-method> <!-- SuccessfullClienteCreate -->
        <test-method status="PASS" signature="TearDown(org.testng.ITestResult)[pri:0, instance:Test.EasyManagement.ClientsTest@ea1a8d5]" name="TearDown" is-config="true" duration-ms="537" started-at="2020-04-25T05:13:04 COT" finished-at="2020-04-25T05:13:05 COT">
          <params>
            <param index="0">
              <value>
                <![CDATA[[TestResult name=SuccessfullClienteCreate status=SUCCESS method=ClientsTest.SuccessfullClienteCreate()[pri:0, instance:Test.EasyManagement.ClientsTest@ea1a8d5] output={null}]]]>
              </value>
            </param>
          </params>
          <reporter-output>
          </reporter-output>
        </test-method> <!-- TearDown -->
        <test-method status="PASS" signature="SetUp()[pri:0, instance:Test.EasyManagement.ClientsTest@ea1a8d5]" name="SetUp" is-config="true" duration-ms="1987" started-at="2020-04-25T05:13:05 COT" finished-at="2020-04-25T05:13:07 COT">
          <reporter-output>
          </reporter-output>
        </test-method> <!-- SetUp -->
        <test-method status="PASS" signature="SuccessfullOtherTab()[pri:0, instance:Test.EasyManagement.ClientsTest@ea1a8d5]" name="SuccessfullOtherTab" duration-ms="3001" started-at="2020-04-25T05:13:07 COT" description="Without description temporally..." finished-at="2020-04-25T05:13:10 COT">
          <reporter-output>
          </reporter-output>
        </test-method> <!-- SuccessfullOtherTab -->
        <test-method status="PASS" signature="TearDown(org.testng.ITestResult)[pri:0, instance:Test.EasyManagement.ClientsTest@ea1a8d5]" name="TearDown" is-config="true" duration-ms="552" started-at="2020-04-25T05:13:10 COT" finished-at="2020-04-25T05:13:10 COT">
          <params>
            <param index="0">
              <value>
                <![CDATA[[TestResult name=SuccessfullOtherTab status=SUCCESS method=ClientsTest.SuccessfullOtherTab()[pri:0, instance:Test.EasyManagement.ClientsTest@ea1a8d5] output={null}]]]>
              </value>
            </param>
          </params>
          <reporter-output>
          </reporter-output>
        </test-method> <!-- TearDown -->
      </class> <!-- Test.EasyManagement.ClientsTest -->
    </test> <!-- Default test -->
  </suite> <!-- Default suite -->
</testng-results>
