<?xml version="1.0" encoding="UTF-8"?>
<!-- Generated by org.testng.reporters.JUnitReportReporter -->
<testsuite skipped="0" hostname="LAPTOP-PS1QG0U6" name="Test.EasyManagement.ClientsTest" tests="2" failures="0" timestamp="2020-04-25T05:13:10 COT" time="21.266" errors="0">
  <testcase name="SuccessfullOtherTab" time="5.540" classname="Test.EasyManagement.ClientsTest"/>
  <system-out/>
  <testcase name="SuccessfullClienteCreate" time="15.726" classname="Test.EasyManagement.ClientsTest"/>
  <system-out/>
</testsuite> <!-- Test.EasyManagement.ClientsTest -->
