<?xml version="1.0" encoding="UTF-8"?>
<!-- Generated by org.testng.reporters.JUnitReportReporter -->
<testsuite skipped="2" hostname="LAPTOP-PS1QG0U6" name="ConfigCucumber.RunCukesTest" tests="2" failures="0" timestamp="2020-04-25T05:05:44 COT" time="0.070" errors="0">
  <testcase name="runScenario" time="0.007" classname="ConfigCucumber.RunCukesTest">
    <skipped/>
  </testcase> <!-- runScenario -->
  <system-out/>
  <testcase name="runScenario" time="0.063" classname="ConfigCucumber.RunCukesTest">
    <skipped/>
  </testcase> <!-- runScenario -->
  <system-out/>
</testsuite> <!-- ConfigCucumber.RunCukesTest -->
